2025-10-06 16:08:53,150 30752 WARNING ? odoo.tools.config: missing --http-interface/http_interface, using 0.0.0.0 by default, will change to 127.0.0.1 in 20.0 
2025-10-06 16:08:53,152 30752 INFO ? odoo: Odoo version 19.0-20251001 
2025-10-06 16:08:53,152 30752 INFO ? odoo: Using configuration file at c:\program files\odoo 19.0.20251001\server\odoo.conf 
2025-10-06 16:08:53,152 30752 INFO ? odoo: addons paths: _NamespacePath(['C:\\Program Files\\Odoo 19.0.20251001\\server\\odoo\\addons', 'C:\\Users\\Dimas\\AppData\\Local\\OpenERP S.A.\\Odoo\\addons\\19.0', 'c:\\program files\\odoo 19.0.20251001\\server\\odoo\\addons', 'c:\\program files\\odoo 19.0.20251001\\server\\addons']) 
2025-10-06 16:08:53,152 30752 INFO ? odoo: database: openpg@localhost:5432 
2025-10-06 16:09:00,417 30752 INFO ? odoo.service.server: Initiating shutdown 
2025-10-06 16:09:00,417 30752 INFO ? odoo.service.server: Hit CTRL-C again or send a second signal to force the shutdown. 
2025-10-06 16:09:01,653 1352 INFO ? odoo: Odoo version 19.0-20251001 
2025-10-06 16:09:01,653 1352 INFO ? odoo: Using configuration file at c:\program files\odoo 19.0.20251001\server\odoo.conf 
2025-10-06 16:09:01,653 1352 INFO ? odoo: addons paths: _NamespacePath(['C:\\Program Files\\Odoo 19.0.20251001\\server\\odoo\\addons', 'c:\\users\\dimas\\appdata\\local\\openerp s.a\\odoo\\addons\\19.0', 'c:\\program files\\odoo 19.0.20251001\\server\\odoo\\addons', 'c:\\program files\\odoo 19.0.20251001\\server\\addons']) 
2025-10-06 16:09:01,653 1352 INFO ? odoo: database: openpg@localhost:5432 
2025-10-06 16:09:02,063 1352 INFO ? odoo.service.server: HTTP service (werkzeug) running on LAPTOP-OC7V06CA:8069 
2025-10-06 16:09:06,157 1352 INFO ? odoo.sql_db: Connection to the database failed 
2025-10-06 16:09:10,213 1352 INFO ? odoo.sql_db: Connection to the database failed 
2025-10-06 16:16:27,517 1352 INFO ? odoo.sql_db: Connection to the database failed 
2025-10-06 16:16:27,517 1352 WARNING ? odoo.http: Database or registry unusable, trying without 
Traceback (most recent call last):
  File "C:\Program Files\Odoo 19.0.20251001\server\odoo\orm\registry.py", line 118, in __new__
    return cls.registries[db_name]
           ~~~~~~~~~~~~~~^^^^^^^^^
  File "C:\Program Files\Odoo 19.0.20251001\server\odoo\tools\lru.py", line 57, in __getitem__
    val = self._values[key]
          ~~~~~~~~~~~~^^^^^
KeyError: 'petahukum'

During handling of the above exception, another exception occurred:

Traceback (most recent call last):
  File "C:\Program Files\Odoo 19.0.20251001\server\odoo\http.py", line 2225, in _serve_db
    registry = Registry(self.db)
               ^^^^^^^^^^^^^^^^^
  File "C:\Program Files\Odoo 19.0.20251001\server\odoo\orm\registry.py", line 120, in __new__
    return cls.new(db_name)
           ^^^^^^^^^^^^^^^^
  File "C:\Program Files\Odoo 19.0.20251001\server\odoo\tools\func.py", line 88, in locked
    return func(inst, *args, **kwargs)
           ^^^^^^^^^^^^^^^^^^^^^^^^^^^
  File "C:\Program Files\Odoo 19.0.20251001\server\odoo\orm\registry.py", line 163, in new
    registry.init(db_name)
  File "C:\Program Files\Odoo 19.0.20251001\server\odoo\orm\registry.py", line 286, in init
    with closing(self.cursor()) as cr:
                 ^^^^^^^^^^^^^
  File "C:\Program Files\Odoo 19.0.20251001\server\odoo\orm\registry.py", line 1150, in cursor
    return self._db.cursor()
           ^^^^^^^^^^^^^^^^^
  File "C:\Program Files\Odoo 19.0.20251001\server\odoo\sql_db.py", line 756, in cursor
    return Cursor(self.__pool, self.__dbname, self.__dsn)
           ^^^^^^^^^^^^^^^^^^^^^^^^^^^^^^^^^^^^^^^^^^^^^^
  File "C:\Program Files\Odoo 19.0.20251001\server\odoo\sql_db.py", line 358, in __init__
    self._cnx: PsycoConnection = pool.borrow(dsn)
                                 ^^^^^^^^^^^^^^^^
  File "C:\Program Files\Odoo 19.0.20251001\server\odoo\tools\func.py", line 88, in locked
    return func(inst, *args, **kwargs)
           ^^^^^^^^^^^^^^^^^^^^^^^^^^^
  File "C:\Program Files\Odoo 19.0.20251001\server\odoo\sql_db.py", line 680, in borrow
    result = psycopg2.connect(
             ^^^^^^^^^^^^^^^^^
  File "C:\Program Files\Odoo 19.0.20251001\python\Lib\site-packages\psycopg2\__init__.py", line 122, in connect
    conn = _connect(dsn, connection_factory=connection_factory, **kwasync)
           ^^^^^^^^^^^^^^^^^^^^^^^^^^^^^^^^^^^^^^^^^^^^^^^^^^^^^^^^^^^^^^^
psycopg2.OperationalError: connection to server at "localhost" (::1), port 5432 failed: FATAL:  database "petahukum" does not exist

2025-10-06 16:16:27,543 1352 INFO ? werkzeug: 127.0.0.1 - - [06/Oct/2025 16:16:27] "GET / HTTP/1.1" 303 - 0 0.000 0.069
2025-10-06 16:16:27,586 1352 WARNING ? py.warnings: C:\Program Files\Odoo 19.0.20251001\server\odoo\sql_db.py:687: UserWarning: Postgres version is 120004, lower than minimum required 130000
  File "C:\Program Files\Odoo 19.0.20251001\python\Lib\threading.py", line 1030, in _bootstrap
    self._bootstrap_inner()
  File "C:\Program Files\Odoo 19.0.20251001\python\Lib\threading.py", line 1073, in _bootstrap_inner
    self.run()
  File "C:\Program Files\Odoo 19.0.20251001\python\Lib\threading.py", line 1010, in run
    self._target(*self._args, **self._kwargs)
  File "C:\Program Files\Odoo 19.0.20251001\python\Lib\socketserver.py", line 692, in process_request_thread
    self.finish_request(request, client_address)
  File "C:\Program Files\Odoo 19.0.20251001\python\Lib\socketserver.py", line 362, in finish_request
    self.RequestHandlerClass(request, client_address, self)
  File "C:\Program Files\Odoo 19.0.20251001\python\Lib\socketserver.py", line 761, in __init__
    self.handle()
  File "C:\Program Files\Odoo 19.0.20251001\python\Lib\site-packages\werkzeug\serving.py", line 390, in handle
    super().handle()
  File "C:\Program Files\Odoo 19.0.20251001\python\Lib\http\server.py", line 436, in handle
    self.handle_one_request()
  File "C:\Program Files\Odoo 19.0.20251001\python\Lib\http\server.py", line 424, in handle_one_request
    method()
  File "C:\Program Files\Odoo 19.0.20251001\python\Lib\site-packages\werkzeug\serving.py", line 362, in run_wsgi
    execute(self.server.app)
  File "C:\Program Files\Odoo 19.0.20251001\python\Lib\site-packages\werkzeug\serving.py", line 323, in execute
    application_iter = app(environ, start_response)
  File "C:\Program Files\Odoo 19.0.20251001\server\odoo\http.py", line 2790, in __call__
    request._post_init()
  File "C:\Program Files\Odoo 19.0.20251001\server\odoo\http.py", line 1774, in _post_init
    self.session, self.db = self._get_session_and_dbname()
  File "C:\Program Files\Odoo 19.0.20251001\server\odoo\http.py", line 1804, in _get_session_and_dbname
    all_dbs = db_list(force=True, host=host)
  File "C:\Program Files\Odoo 19.0.20251001\server\odoo\http.py", line 373, in db_list
    dbs = odoo.service.db.list_dbs(force)
  File "C:\Program Files\Odoo 19.0.20251001\server\odoo\service\db.py", line 447, in list_dbs
    with closing(db.cursor()) as cr:
  File "C:\Program Files\Odoo 19.0.20251001\server\odoo\sql_db.py", line 756, in cursor
    return Cursor(self.__pool, self.__dbname, self.__dsn)
  File "C:\Program Files\Odoo 19.0.20251001\server\odoo\sql_db.py", line 358, in __init__
    self._cnx: PsycoConnection = pool.borrow(dsn)
  File "C:\Program Files\Odoo 19.0.20251001\server\odoo\tools\func.py", line 88, in locked
    return func(inst, *args, **kwargs)
  File "C:\Program Files\Odoo 19.0.20251001\server\odoo\sql_db.py", line 687, in borrow
    warnings.warn(f"Postgres version is {result.server_version}, lower than minimum required {MIN_PG_VERSION * 10000}")
 
2025-10-06 16:16:27,615 1352 INFO ? werkzeug: 127.0.0.1 - - [06/Oct/2025 16:16:27] "GET /odoo HTTP/1.1" 303 - 2 0.004 0.059
2025-10-06 16:16:27,759 1352 WARNING ? py.warnings: C:\Program Files\Odoo 19.0.20251001\server\odoo\sql_db.py:687: UserWarning: Postgres version is 120004, lower than minimum required 130000
  File "C:\Program Files\Odoo 19.0.20251001\python\Lib\threading.py", line 1030, in _bootstrap
    self._bootstrap_inner()
  File "C:\Program Files\Odoo 19.0.20251001\python\Lib\threading.py", line 1073, in _bootstrap_inner
    self.run()
  File "C:\Program Files\Odoo 19.0.20251001\python\Lib\threading.py", line 1010, in run
    self._target(*self._args, **self._kwargs)
  File "C:\Program Files\Odoo 19.0.20251001\python\Lib\socketserver.py", line 692, in process_request_thread
    self.finish_request(request, client_address)
  File "C:\Program Files\Odoo 19.0.20251001\python\Lib\socketserver.py", line 362, in finish_request
    self.RequestHandlerClass(request, client_address, self)
  File "C:\Program Files\Odoo 19.0.20251001\python\Lib\socketserver.py", line 761, in __init__
    self.handle()
  File "C:\Program Files\Odoo 19.0.20251001\python\Lib\site-packages\werkzeug\serving.py", line 390, in handle
    super().handle()
  File "C:\Program Files\Odoo 19.0.20251001\python\Lib\http\server.py", line 436, in handle
    self.handle_one_request()
  File "C:\Program Files\Odoo 19.0.20251001\python\Lib\http\server.py", line 424, in handle_one_request
    method()
  File "C:\Program Files\Odoo 19.0.20251001\python\Lib\site-packages\werkzeug\serving.py", line 362, in run_wsgi
    execute(self.server.app)
  File "C:\Program Files\Odoo 19.0.20251001\python\Lib\site-packages\werkzeug\serving.py", line 323, in execute
    application_iter = app(environ, start_response)
  File "C:\Program Files\Odoo 19.0.20251001\server\odoo\http.py", line 2790, in __call__
    request._post_init()
  File "C:\Program Files\Odoo 19.0.20251001\server\odoo\http.py", line 1774, in _post_init
    self.session, self.db = self._get_session_and_dbname()
  File "C:\Program Files\Odoo 19.0.20251001\server\odoo\http.py", line 1804, in _get_session_and_dbname
    all_dbs = db_list(force=True, host=host)
  File "C:\Program Files\Odoo 19.0.20251001\server\odoo\http.py", line 373, in db_list
    dbs = odoo.service.db.list_dbs(force)
  File "C:\Program Files\Odoo 19.0.20251001\server\odoo\service\db.py", line 447, in list_dbs
    with closing(db.cursor()) as cr:
  File "C:\Program Files\Odoo 19.0.20251001\server\odoo\sql_db.py", line 756, in cursor
    return Cursor(self.__pool, self.__dbname, self.__dsn)
  File "C:\Program Files\Odoo 19.0.20251001\server\odoo\sql_db.py", line 358, in __init__
    self._cnx: PsycoConnection = pool.borrow(dsn)
  File "C:\Program Files\Odoo 19.0.20251001\server\odoo\tools\func.py", line 88, in locked
    return func(inst, *args, **kwargs)
  File "C:\Program Files\Odoo 19.0.20251001\server\odoo\sql_db.py", line 687, in borrow
    warnings.warn(f"Postgres version is {result.server_version}, lower than minimum required {MIN_PG_VERSION * 10000}")
 
2025-10-06 16:16:28,483 1352 INFO ? werkzeug: 127.0.0.1 - - [06/Oct/2025 16:16:28] "GET /web/database/selector HTTP/1.1" 200 - 2 0.005 0.743
2025-10-06 16:16:28,891 1352 INFO ? werkzeug: 127.0.0.1 - - [06/Oct/2025 16:16:28] "GET /web/static/img/logo2.png HTTP/1.1" 200 - 1 0.001 0.083
2025-10-06 16:16:28,894 1352 INFO ? werkzeug: 127.0.0.1 - - [06/Oct/2025 16:16:28] "GET /web/static/src/libs/fontawesome/css/font-awesome.css HTTP/1.1" 200 - 1 0.002 0.086
2025-10-06 16:16:28,901 1352 INFO ? werkzeug: 127.0.0.1 - - [06/Oct/2025 16:16:28] "GET /web/static/src/public/database_manager.js HTTP/1.1" 200 - 1 0.002 0.092
2025-10-06 16:18:11,284 1352 INFO None odoo.service.db: Create database `petahukum`. 
2025-10-06 16:18:11,743 1352 INFO None odoo.modules.loading: Initializing database petahukum 
2025-10-06 16:18:20,393 1352 INFO None odoo.modules.loading: loading 1 modules... 
2025-10-06 16:18:20,393 1352 INFO None odoo.modules.loading: Loading module base (1/1) 
2025-10-06 16:18:20,421 1352 INFO None odoo.registry: module base: creating or updating database tables 
2025-10-06 16:18:20,820 1352 INFO None odoo.models: Prepare computation of ir.module.module.menus_by_module 
2025-10-06 16:18:20,820 1352 INFO None odoo.models: Prepare computation of ir.module.module.reports_by_module 
2025-10-06 16:18:20,820 1352 INFO None odoo.models: Prepare computation of ir.module.module.views_by_module 
2025-10-06 16:18:20,953 1352 INFO None odoo.models: Prepare computation of res.partner.user_id 
2025-10-06 16:18:20,953 1352 INFO None odoo.models: Prepare computation of res.partner.commercial_partner_id 
2025-10-06 16:18:20,953 1352 INFO None odoo.models: Prepare computation of res.partner.complete_name 
2025-10-06 16:18:20,953 1352 INFO None odoo.models: Prepare computation of res.partner.lang 
2025-10-06 16:18:20,953 1352 INFO None odoo.models: Prepare computation of res.partner.company_registry 
2025-10-06 16:18:20,953 1352 INFO None odoo.models: Prepare computation of res.partner.commercial_company_name 
2025-10-06 16:18:20,953 1352 INFO None odoo.models: Prepare computation of res.partner.properties 
2025-10-06 16:18:20,955 1352 INFO None odoo.models: Prepare computation of res.partner.partner_share 
2025-10-06 16:18:20,998 1352 INFO None odoo.models: Prepare computation of res.currency.decimal_places 
2025-10-06 16:18:21,031 1352 INFO None odoo.models: Prepare computation of res.company.uses_default_logo 
2025-10-06 16:18:21,031 1352 INFO None odoo.models: Prepare computation of res.company.logo_web 
2025-10-06 16:18:21,034 1352 INFO None odoo.models: Computing parent_path for table res_company... 
2025-10-06 16:18:21,075 1352 INFO None odoo.models: Prepare computation of res.users.signature 
2025-10-06 16:18:21,075 1352 INFO None odoo.models: Prepare computation of res.users.share 
2025-10-06 16:18:22,723 1352 INFO None odoo.modules.loading: loading base/data/res_bank.xml 
2025-10-06 16:18:22,747 1352 INFO None odoo.modules.loading: loading base/data/res.lang.csv 
2025-10-06 16:18:22,785 1352 INFO None odoo.modules.loading: loading base/data/res_lang_data.xml 
2025-10-06 16:18:22,857 1352 INFO None odoo.modules.loading: loading base/data/res_partner_data.xml 
2025-10-06 16:18:22,910 1352 INFO None odoo.modules.loading: loading base/data/res_currency_data.xml 
2025-10-06 16:18:23,286 1352 INFO None odoo.modules.loading: loading base/data/res_company_data.xml 
2025-10-06 16:18:23,300 1352 INFO None odoo.modules.loading: loading base/data/res_users_data.xml 
2025-10-06 16:18:24,511 1352 INFO None odoo.modules.loading: loading base/data/report_paperformat_data.xml 
2025-10-06 16:18:24,527 1352 INFO None odoo.modules.loading: loading base/data/res_country_data.xml 
2025-10-06 16:18:24,997 1352 INFO None odoo.modules.loading: loading base/data/ir_demo_data.xml 
2025-10-06 16:18:25,020 1352 INFO None odoo.modules.loading: loading base/security/base_groups.xml 
2025-10-06 16:18:25,242 1352 INFO None odoo.modules.loading: loading base/security/base_security.xml 
2025-10-06 16:18:25,405 1352 INFO None odoo.modules.loading: loading base/wizard/wizard_ir_model_menu_create_views.xml 
2025-10-06 16:18:25,429 1352 INFO None odoo.modules.loading: loading base/views/base_menus.xml 
2025-10-06 16:18:25,529 1352 INFO None odoo.modules.loading: loading base/views/decimal_precision_views.xml 
2025-10-06 16:18:25,580 1352 INFO None odoo.modules.loading: loading base/views/res_config_views.xml 
2025-10-06 16:18:25,597 1352 INFO None odoo.modules.loading: loading base/data/res.country.state.csv 
2025-10-06 16:18:25,985 1352 INFO None odoo.modules.loading: loading base/views/ir_actions_views.xml 
2025-10-06 16:18:26,163 1352 INFO None odoo.modules.loading: loading base/views/ir_asset_views.xml 
2025-10-06 16:18:26,194 1352 INFO None odoo.modules.loading: loading base/views/ir_config_parameter_views.xml 
2025-10-06 16:18:26,223 1352 INFO None odoo.modules.loading: loading base/views/ir_cron_views.xml 
2025-10-06 16:18:26,272 1352 INFO None odoo.modules.loading: loading base/views/ir_cron_trigger_views.xml 
2025-10-06 16:18:26,297 1352 INFO None odoo.modules.loading: loading base/views/ir_filters_views.xml 
2025-10-06 16:18:26,332 1352 INFO None odoo.modules.loading: loading base/views/ir_mail_server_views.xml 
2025-10-06 16:18:26,361 1352 INFO None odoo.modules.loading: loading base/views/ir_model_views.xml 
2025-10-06 16:18:26,501 1352 INFO None odoo.modules.loading: loading base/views/ir_attachment_views.xml 
2025-10-06 16:18:26,530 1352 INFO None odoo.modules.loading: loading base/views/ir_rule_views.xml 
2025-10-06 16:18:26,562 1352 INFO None odoo.modules.loading: loading base/views/ir_sequence_views.xml 
2025-10-06 16:18:26,594 1352 INFO None odoo.modules.loading: loading base/views/ir_ui_menu_views.xml 
2025-10-06 16:18:26,625 1352 INFO None odoo.modules.loading: loading base/views/ir_ui_view_views.xml 
2025-10-06 16:18:26,682 1352 INFO None odoo.modules.loading: loading base/views/ir_default_views.xml 
2025-10-06 16:18:26,711 1352 INFO None odoo.modules.loading: loading base/data/ir_config_parameter_data.xml 
2025-10-06 16:18:26,723 1352 INFO None odoo.modules.loading: loading base/data/ir_cron_data.xml 
2025-10-06 16:18:26,748 1352 INFO None odoo.modules.loading: loading base/report/ir_model_report.xml 
2025-10-06 16:18:26,761 1352 INFO None odoo.modules.loading: loading base/report/ir_model_templates.xml 
2025-10-06 16:18:26,783 1352 INFO None odoo.modules.loading: loading base/views/ir_logging_views.xml 
2025-10-06 16:18:26,813 1352 INFO None odoo.modules.loading: loading base/views/ir_qweb_widget_templates.xml 
2025-10-06 16:18:26,837 1352 INFO None odoo.modules.loading: loading base/views/ir_module_views.xml 
2025-10-06 16:18:26,894 1352 INFO None odoo.modules.loading: loading base/data/ir_module_category_data.xml 
2025-10-06 16:18:26,934 1352 INFO None odoo.modules.loading: loading base/data/ir_module_module.xml 
2025-10-06 16:18:26,990 1352 INFO None odoo.modules.loading: loading base/report/ir_module_reports.xml 
2025-10-06 16:18:27,002 1352 INFO None odoo.modules.loading: loading base/report/ir_module_report_templates.xml 
2025-10-06 16:18:27,017 1352 INFO None odoo.modules.loading: loading base/wizard/base_module_update_views.xml 
2025-10-06 16:18:27,044 1352 INFO None odoo.modules.loading: loading base/wizard/base_language_install_views.xml 
2025-10-06 16:18:27,062 1352 INFO None odoo.modules.loading: loading base/wizard/base_import_language_views.xml 
2025-10-06 16:18:27,082 1352 INFO None odoo.modules.loading: loading base/wizard/base_module_upgrade_views.xml 
2025-10-06 16:18:27,106 1352 INFO None odoo.modules.loading: loading base/wizard/base_module_uninstall_views.xml 
2025-10-06 16:18:27,124 1352 INFO None odoo.modules.loading: loading base/wizard/base_export_language_views.xml 
2025-10-06 16:18:27,145 1352 INFO None odoo.modules.loading: loading base/wizard/base_partner_merge_views.xml 
2025-10-06 16:18:27,166 1352 INFO None odoo.modules.loading: loading base/data/ir_demo_failure_data.xml 
2025-10-06 16:18:27,192 1352 INFO None odoo.modules.loading: loading base/views/ir_profile_views.xml 
2025-10-06 16:18:27,219 1352 INFO None odoo.modules.loading: loading base/views/res_company_views.xml 
2025-10-06 16:18:27,250 1352 INFO None odoo.modules.loading: loading base/views/res_lang_views.xml 
2025-10-06 16:18:27,278 1352 INFO None odoo.modules.loading: loading base/views/res_partner_views.xml 
2025-10-06 16:18:27,361 1352 INFO None odoo.modules.loading: loading base/views/res_bank_views.xml 
2025-10-06 16:18:27,397 1352 INFO None odoo.modules.loading: loading base/views/res_country_views.xml 
2025-10-06 16:18:27,442 1352 INFO None odoo.modules.loading: loading base/views/res_currency_views.xml 
2025-10-06 16:18:27,485 1352 INFO None odoo.modules.loading: loading base/views/res_groups_views.xml 
2025-10-06 16:18:27,531 1352 INFO None odoo.modules.loading: loading base/views/res_users_views.xml 
2025-10-06 16:18:27,623 1352 INFO None odoo.modules.loading: loading base/views/res_users_apikeys_views.xml 
2025-10-06 16:18:27,638 1352 INFO None odoo.modules.loading: loading base/views/res_device_views.xml 
2025-10-06 16:18:27,664 1352 INFO None odoo.modules.loading: loading base/views/res_users_identitycheck_views.xml 
2025-10-06 16:18:27,680 1352 INFO None odoo.modules.loading: loading base/views/res_config_settings_views.xml 
2025-10-06 16:18:27,698 1352 INFO None odoo.modules.loading: loading base/views/report_paperformat_views.xml 
2025-10-06 16:18:27,730 1352 INFO None odoo.modules.loading: loading base/security/ir.model.access.csv 
2025-10-06 16:18:27,817 1352 INFO None odoo.modules.loading: Module base: loading demo 
2025-10-06 16:18:27,817 1352 INFO None odoo.modules.loading: loading base/data/res_users_demo.xml 
2025-10-06 16:18:29,659 1352 INFO None odoo.modules.loading: loading base/data/res_partner_bank_demo.xml 
2025-10-06 16:18:29,676 1352 INFO None odoo.modules.loading: loading base/data/res_currency_demo.xml 
2025-10-06 16:18:29,693 1352 INFO None odoo.modules.loading: loading base/data/res_currency_rate_demo.xml 
2025-10-06 16:18:29,914 1352 INFO None odoo.modules.loading: loading base/data/res_bank_demo.xml 
2025-10-06 16:18:29,927 1352 INFO None odoo.modules.loading: loading base/data/res_partner_demo.xml 
2025-10-06 16:18:30,201 1352 INFO None odoo.modules.loading: loading base/data/res_partner_image_demo.xml 
2025-10-06 16:18:30,930 1352 INFO None odoo.modules.loading: Module base loaded in 10.54s, 9441 queries (+9441 other) 
2025-10-06 16:18:30,930 1352 INFO None odoo.modules.loading: 1 modules loaded in 10.54s, 9441 queries (+9441 extra) 
2025-10-06 16:18:30,950 1352 INFO None odoo.modules.loading: updating modules list 
2025-10-06 16:18:30,952 1352 INFO None odoo.addons.base.models.ir_module: ALLOW access to module.update_list on [] to user __system__ #1 via n/a 
2025-10-06 16:18:31,877 1352 INFO None odoo.modules.loading: loading 14 modules... 
2025-10-06 16:18:31,877 1352 INFO None odoo.modules.loading: Loading module rpc (2/14) 
2025-10-06 16:18:31,896 1352 INFO None odoo.modules.loading: Module rpc loaded in 0.02s, 9 queries (+9 other) 
2025-10-06 16:18:31,896 1352 INFO None odoo.modules.loading: Loading module web (3/14) 
2025-10-06 16:18:31,925 1352 INFO None odoo.registry: module web: creating or updating database tables 
2025-10-06 16:18:32,409 1352 INFO None odoo.modules.loading: loading web/security/ir.model.access.csv 
2025-10-06 16:18:32,430 1352 INFO None odoo.modules.loading: loading web/security/web_security.xml 
2025-10-06 16:18:32,452 1352 INFO None odoo.modules.loading: loading web/views/webclient_templates.xml 
2025-10-06 16:18:32,555 1352 INFO None odoo.modules.loading: loading web/views/report_templates.xml 
2025-10-06 16:18:32,660 1352 INFO None odoo.modules.loading: loading web/views/base_document_layout_views.xml 
2025-10-06 16:18:32,684 1352 INFO None odoo.modules.loading: loading web/views/partner_view.xml 
2025-10-06 16:18:32,701 1352 INFO None odoo.modules.loading: loading web/views/speedscope_template.xml 
2025-10-06 16:18:32,733 1352 INFO None odoo.modules.loading: loading web/views/memory_template.xml 
2025-10-06 16:18:32,771 1352 INFO None odoo.modules.loading: loading web/views/speedscope_config_wizard.xml 
2025-10-06 16:18:32,800 1352 INFO None odoo.modules.loading: loading web/views/neutralize_views.xml 
2025-10-06 16:18:32,818 1352 INFO None odoo.modules.loading: loading web/views/ir_ui_view_views.xml 
2025-10-06 16:18:32,834 1352 INFO None odoo.modules.loading: loading web/data/ir_attachment.xml 
2025-10-06 16:18:32,848 1352 INFO None odoo.modules.loading: loading web/data/report_layout.xml 
2025-10-06 16:18:32,912 1352 INFO None odoo.modules.loading: Module web loaded in 1.02s, 1225 queries (+1225 other) 
2025-10-06 16:18:32,912 1352 INFO None odoo.modules.loading: Loading module api_doc (4/14) 
2025-10-06 16:18:32,981 1352 INFO None odoo.registry: module api_doc: creating or updating database tables 
2025-10-06 16:18:32,998 1352 INFO None odoo.modules.loading: loading api_doc/security/res_groups.xml 
2025-10-06 16:18:33,034 1352 INFO None odoo.modules.loading: loading api_doc/views/docclient.xml 
2025-10-06 16:18:33,060 1352 INFO None odoo.modules.loading: Module api_doc loaded in 0.15s, 63 queries (+63 other) 
2025-10-06 16:18:33,060 1352 INFO None odoo.modules.loading: Loading module auth_totp (5/14) 
2025-10-06 16:18:33,415 1352 INFO None odoo.registry: module auth_totp: creating or updating database tables 
2025-10-06 16:18:33,496 1352 INFO None odoo.modules.loading: loading auth_totp/security/security.xml 
2025-10-06 16:18:33,528 1352 INFO None odoo.modules.loading: loading auth_totp/security/ir.model.access.csv 
2025-10-06 16:18:33,541 1352 INFO None odoo.modules.loading: loading auth_totp/data/ir_action_data.xml 
2025-10-06 16:18:33,555 1352 INFO None odoo.modules.loading: loading auth_totp/views/res_users_views.xml 
2025-10-06 16:18:33,591 1352 INFO None odoo.modules.loading: loading auth_totp/views/templates.xml 
2025-10-06 16:18:33,607 1352 INFO None odoo.modules.loading: loading auth_totp/wizard/auth_totp_wizard_views.xml 
2025-10-06 16:18:33,638 1352 INFO None odoo.modules.loading: Module auth_totp loaded in 0.58s, 214 queries (+214 other) 
2025-10-06 16:18:33,638 1352 INFO None odoo.modules.loading: Loading module base_import (6/14) 
2025-10-06 16:18:33,742 1352 INFO None odoo.registry: module base_import: creating or updating database tables 
2025-10-06 16:18:34,189 1352 INFO None odoo.modules.loading: loading base_import/security/ir.model.access.csv 
2025-10-06 16:18:34,208 1352 INFO None odoo.modules.loading: Module base_import loaded in 0.57s, 953 queries (+953 other) 
2025-10-06 16:18:34,208 1352 INFO None odoo.modules.loading: Loading module base_import_module (7/14) 
2025-10-06 16:18:34,335 1352 INFO None odoo.registry: module base_import_module: creating or updating database tables 
2025-10-06 16:18:34,414 1352 INFO None odoo.modules.loading: loading base_import_module/security/ir.model.access.csv 
2025-10-06 16:18:34,432 1352 INFO None odoo.modules.loading: loading base_import_module/views/base_import_module_view.xml 
2025-10-06 16:18:34,463 1352 INFO None odoo.modules.loading: loading base_import_module/views/ir_module_views.xml 
2025-10-06 16:18:34,510 1352 INFO None odoo.modules.loading: Module base_import_module loaded in 0.30s, 172 queries (+172 other) 
2025-10-06 16:18:34,510 1352 INFO None odoo.modules.loading: Loading module base_setup (8/14) 
2025-10-06 16:18:34,608 1352 INFO None odoo.registry: module base_setup: creating or updating database tables 
2025-10-06 16:18:34,656 1352 INFO None odoo.modules.loading: loading base_setup/data/base_setup_data.xml 
2025-10-06 16:18:34,671 1352 INFO None odoo.modules.loading: loading base_setup/views/res_config_settings_views.xml 
2025-10-06 16:18:34,713 1352 INFO None odoo.modules.loading: loading base_setup/views/res_partner_views.xml 
2025-10-06 16:18:34,735 1352 INFO None odoo.modules.loading: Module base_setup loaded in 0.23s, 152 queries (+152 other) 
2025-10-06 16:18:34,735 1352 INFO None odoo.modules.loading: Loading module bus (9/14) 
2025-10-06 16:18:34,954 1352 INFO None odoo.registry: module bus: creating or updating database tables 
2025-10-06 16:18:35,047 1352 INFO None odoo.modules.loading: loading bus/security/ir.model.access.csv 
2025-10-06 16:18:35,064 1352 INFO None odoo.modules.loading: Module bus loaded in 0.33s, 152 queries (+152 other) 
2025-10-06 16:18:35,064 1352 INFO None odoo.modules.loading: Loading module web_tour (10/14) 
2025-10-06 16:18:35,124 1352 INFO None odoo.registry: module web_tour: creating or updating database tables 
2025-10-06 16:18:35,129 1352 INFO None odoo.models: Prepare computation of res.users.tour_enabled 
2025-10-06 16:18:35,210 1352 INFO None odoo.modules.loading: loading web_tour/security/ir.model.access.csv 
2025-10-06 16:18:35,226 1352 INFO None odoo.modules.loading: loading web_tour/views/tour_views.xml 
2025-10-06 16:18:35,268 1352 INFO None odoo.modules.loading: Module web_tour loaded in 0.20s, 176 queries (+176 other) 
2025-10-06 16:18:35,268 1352 INFO None odoo.modules.loading: Loading module auth_passkey (11/14) 
2025-10-06 16:18:36,271 1352 INFO None odoo.registry: module auth_passkey: creating or updating database tables 
2025-10-06 16:18:36,338 1352 INFO None odoo.modules.loading: loading auth_passkey/views/auth_passkey_key_views.xml 
2025-10-06 16:18:36,374 1352 INFO None odoo.modules.loading: loading auth_passkey/views/auth_passkey_login_templates.xml 
2025-10-06 16:18:36,394 1352 INFO None odoo.modules.loading: loading auth_passkey/views/res_users_identitycheck_views.xml 
2025-10-06 16:18:36,411 1352 INFO None odoo.modules.loading: loading auth_passkey/views/res_users_views.xml 
2025-10-06 16:18:36,435 1352 INFO None odoo.modules.loading: loading auth_passkey/security/ir.model.access.csv 
2025-10-06 16:18:36,449 1352 INFO None odoo.modules.loading: loading auth_passkey/security/security.xml 
2025-10-06 16:18:36,480 1352 INFO None odoo.modules.loading: Module auth_passkey loaded in 1.21s, 218 queries (+218 other) 
2025-10-06 16:18:36,480 1352 INFO None odoo.modules.loading: Loading module html_editor (12/14) 
2025-10-06 16:18:39,288 1352 INFO None odoo.registry: module html_editor: creating or updating database tables 
2025-10-06 16:18:39,775 1352 INFO None odoo.modules.loading: loading html_editor/security/ir.model.access.csv 
2025-10-06 16:18:39,801 1352 INFO None odoo.modules.loading: Module html_editor loaded in 3.32s, 1031 queries (+1031 other) 
2025-10-06 16:18:39,801 1352 INFO None odoo.modules.loading: Loading module iap (13/14) 
2025-10-06 16:18:39,804 1352 INFO None odoo.registry: module iap: creating or updating database tables 
2025-10-06 16:18:39,883 1352 INFO None odoo.modules.loading: loading iap/data/services.xml 
2025-10-06 16:18:39,897 1352 INFO None odoo.modules.loading: loading iap/security/ir.model.access.csv 
2025-10-06 16:18:39,911 1352 INFO None odoo.modules.loading: loading iap/security/ir_rule.xml 
2025-10-06 16:18:39,926 1352 INFO None odoo.modules.loading: loading iap/views/iap_views.xml 
2025-10-06 16:18:39,958 1352 INFO None odoo.modules.loading: loading iap/views/res_config_settings.xml 
2025-10-06 16:18:39,986 1352 INFO None odoo.modules.loading: Module iap loaded in 0.18s, 182 queries (+182 other) 
2025-10-06 16:18:39,986 1352 INFO None odoo.modules.loading: Loading module web_unsplash (14/14) 
2025-10-06 16:18:40,074 1352 INFO None odoo.registry: module web_unsplash: creating or updating database tables 
2025-10-06 16:18:40,118 1352 INFO None odoo.modules.loading: loading web_unsplash/views/res_config_settings_view.xml 
2025-10-06 16:18:40,153 1352 INFO None odoo.modules.loading: Module web_unsplash loaded in 0.17s, 102 queries (+102 other) 
2025-10-06 16:18:40,153 1352 INFO None odoo.modules.loading: 14 modules loaded in 8.28s, 4649 queries (+4649 extra) 
2025-10-06 16:18:40,335 1352 INFO None odoo.modules.loading: Modules loaded. 
2025-10-06 16:18:40,340 1352 INFO None odoo.registry: Registry changed, signaling through the database 
2025-10-06 16:18:40,341 1352 INFO None odoo.registry: Registry loaded in 28.681s 
2025-10-06 16:18:41,650 1352 INFO None odoo.addons.base.models.res_users: Login successful for login:dimasramadhan9833@gmail.com from 127.0.0.1 
2025-10-06 16:18:41,661 1352 INFO None werkzeug: 127.0.0.1 - - [06/Oct/2025 16:18:41] "POST /web/database/create HTTP/1.1" 303 - 20620 7.410 25.470
2025-10-06 16:18:41,681 1352 INFO petahukum odoo.addons.base.models.ir_http: Generating routing map for key None 
2025-10-06 16:18:41,690 1352 INFO petahukum odoo.addons.base.models.res_device: User 2 inserts device log (r9S16gRwaxPGxMJItdBmi7fMD8Mar1PuqEiIAn4yPx) 
2025-10-06 16:18:42,137 1352 INFO petahukum werkzeug: 127.0.0.1 - - [06/Oct/2025 16:18:42] "GET /odoo HTTP/1.1" 200 - 53 0.017 0.452
2025-10-06 16:18:42,490 1352 WARNING ? py.warnings: C:\Program Files\Odoo 19.0.20251001\server\odoo\sql_db.py:687: UserWarning: Postgres version is 120004, lower than minimum required 130000
  File "C:\Program Files\Odoo 19.0.20251001\python\Lib\threading.py", line 1030, in _bootstrap
    self._bootstrap_inner()
  File "C:\Program Files\Odoo 19.0.20251001\python\Lib\threading.py", line 1073, in _bootstrap_inner
    self.run()
  File "C:\Program Files\Odoo 19.0.20251001\python\Lib\threading.py", line 1010, in run
    self._target(*self._args, **self._kwargs)
  File "C:\Program Files\Odoo 19.0.20251001\python\Lib\socketserver.py", line 692, in process_request_thread
    self.finish_request(request, client_address)
  File "C:\Program Files\Odoo 19.0.20251001\python\Lib\socketserver.py", line 362, in finish_request
    self.RequestHandlerClass(request, client_address, self)
  File "C:\Program Files\Odoo 19.0.20251001\python\Lib\socketserver.py", line 761, in __init__
    self.handle()
  File "C:\Program Files\Odoo 19.0.20251001\python\Lib\site-packages\werkzeug\serving.py", line 390, in handle
    super().handle()
  File "C:\Program Files\Odoo 19.0.20251001\python\Lib\http\server.py", line 436, in handle
    self.handle_one_request()
  File "C:\Program Files\Odoo 19.0.20251001\python\Lib\http\server.py", line 424, in handle_one_request
    method()
  File "C:\Program Files\Odoo 19.0.20251001\python\Lib\site-packages\werkzeug\serving.py", line 362, in run_wsgi
    execute(self.server.app)
  File "C:\Program Files\Odoo 19.0.20251001\python\Lib\site-packages\werkzeug\serving.py", line 323, in execute
    application_iter = app(environ, start_response)
  File "C:\Program Files\Odoo 19.0.20251001\server\odoo\http.py", line 2798, in __call__
    response = request._serve_db()
  File "C:\Program Files\Odoo 19.0.20251001\server\odoo\http.py", line 2226, in _serve_db
    cr = registry.cursor(readonly=True)
  File "C:\Program Files\Odoo 19.0.20251001\server\odoo\orm\registry.py", line 1150, in cursor
    return self._db.cursor()
  File "C:\Program Files\Odoo 19.0.20251001\server\odoo\sql_db.py", line 756, in cursor
    return Cursor(self.__pool, self.__dbname, self.__dsn)
  File "C:\Program Files\Odoo 19.0.20251001\server\odoo\sql_db.py", line 358, in __init__
    self._cnx: PsycoConnection = pool.borrow(dsn)
  File "C:\Program Files\Odoo 19.0.20251001\server\odoo\tools\func.py", line 88, in locked
    return func(inst, *args, **kwargs)
  File "C:\Program Files\Odoo 19.0.20251001\server\odoo\sql_db.py", line 687, in borrow
    warnings.warn(f"Postgres version is {result.server_version}, lower than minimum required {MIN_PG_VERSION * 10000}")
 
2025-10-06 16:18:42,663 1352 INFO petahukum werkzeug: 127.0.0.1 - - [06/Oct/2025 16:18:42] "GET /web/webclient/load_menus HTTP/1.1" 200 - 11 0.019 0.147
2025-10-06 16:18:51,999 1352 INFO petahukum odoo.addons.base.models.assetsbundle: Generating a new asset bundle attachment /web/assets/a12a06d/web.assets_web.min.css (id:199) 
2025-10-06 16:18:52,075 1352 INFO petahukum werkzeug: 127.0.0.1 - - [06/Oct/2025 16:18:52] "GET /web/assets/a12a06d/web.assets_web.min.css HTTP/1.1" 200 - 15 0.051 9.557
2025-10-06 16:18:58,728 1352 INFO petahukum odoo.addons.base.models.assetsbundle: Generating a new asset bundle attachment /web/assets/454e9f6/web.assets_web_print.min.css (id:200) 
2025-10-06 16:18:58,741 1352 INFO petahukum werkzeug: 127.0.0.1 - - [06/Oct/2025 16:18:58] "GET /web/assets/454e9f6/web.assets_web_print.min.css HTTP/1.1" 200 - 8 0.029 6.308
2025-10-06 16:19:13,542 1352 INFO petahukum odoo.addons.base.models.assetsbundle: Generating a new asset bundle attachment /web/assets/cae9c00/web.assets_web.min.js (id:201) 
2025-10-06 16:19:14,366 1352 INFO petahukum werkzeug: 127.0.0.1 - - [06/Oct/2025 16:19:14] "GET /web/assets/cae9c00/web.assets_web.min.js HTTP/1.1" 200 - 11 0.017 32.197
2025-10-06 16:19:14,992 1352 INFO petahukum werkzeug: 127.0.0.1 - - [06/Oct/2025 16:19:14] "GET /web/webclient/translations?hash=&lang=en_US HTTP/1.1" 200 - 2 0.006 0.000
2025-10-06 16:19:15,002 1352 INFO petahukum werkzeug: 127.0.0.1 - - [06/Oct/2025 16:19:15] "GET /web/manifest.webmanifest HTTP/1.1" 200 - 6 0.016 0.000
2025-10-06 16:19:15,299 1352 INFO petahukum odoo.addons.base.models.assetsbundle: Generating a new asset bundle attachment /web/assets/4812eb4/bus.websocket_worker_assets.min.js (id:202) 
2025-10-06 16:19:15,306 1352 INFO petahukum werkzeug: 127.0.0.1 - - [06/Oct/2025 16:19:15] "GET /bus/websocket_worker_bundle?v=saas-18.5-1 HTTP/1.1" 304 - 8 0.002 0.055
2025-10-06 16:19:15,631 1352 INFO petahukum werkzeug: 127.0.0.1 - - [06/Oct/2025 16:19:15] "GET /websocket?version=saas-18.5-1 HTTP/1.1" 101 - 1 0.000 0.002
2025-10-06 16:19:15,957 1352 INFO ? odoo.addons.bus.models.bus: Bus.loop listen imbus on db postgres 
2025-10-06 16:19:15,986 1352 WARNING ? py.warnings: C:\Program Files\Odoo 19.0.20251001\server\odoo\sql_db.py:687: UserWarning: Postgres version is 120004, lower than minimum required 130000
  File "C:\Program Files\Odoo 19.0.20251001\python\Lib\threading.py", line 1030, in _bootstrap
    self._bootstrap_inner()
  File "C:\Program Files\Odoo 19.0.20251001\python\Lib\threading.py", line 1073, in _bootstrap_inner
    self.run()
  File "C:\Program Files\Odoo 19.0.20251001\server\odoo\addons\bus\models\bus.py", line 261, in run
    self.loop()
  File "C:\Program Files\Odoo 19.0.20251001\server\odoo\addons\bus\models\bus.py", line 238, in loop
    with odoo.sql_db.db_connect('postgres').cursor() as cr, \
  File "C:\Program Files\Odoo 19.0.20251001\server\odoo\sql_db.py", line 756, in cursor
    return Cursor(self.__pool, self.__dbname, self.__dsn)
  File "C:\Program Files\Odoo 19.0.20251001\server\odoo\sql_db.py", line 358, in __init__
    self._cnx: PsycoConnection = pool.borrow(dsn)
  File "C:\Program Files\Odoo 19.0.20251001\server\odoo\tools\func.py", line 88, in locked
    return func(inst, *args, **kwargs)
  File "C:\Program Files\Odoo 19.0.20251001\server\odoo\sql_db.py", line 687, in borrow
    warnings.warn(f"Postgres version is {result.server_version}, lower than minimum required {MIN_PG_VERSION * 10000}")
 
2025-10-06 16:19:17,400 1352 INFO petahukum werkzeug: 127.0.0.1 - - [06/Oct/2025 16:19:17] "GET /web/image/res.partner/3/avatar_128?unique=1759742321000 HTTP/1.1" 200 - 15 0.007 0.013
2025-10-06 16:19:17,702 1352 INFO petahukum werkzeug: 127.0.0.1 - - [06/Oct/2025 16:19:17] "GET /web/image?model=res.users&field=avatar_128&id=2 HTTP/1.1" 304 - 9 0.008 0.007
2025-10-06 16:19:17,706 1352 INFO petahukum werkzeug: 127.0.0.1 - - [06/Oct/2025 16:19:17] "POST /web/action/load HTTP/1.1" 200 - 10 0.014 0.006
2025-10-06 16:19:18,077 1352 INFO petahukum werkzeug: 127.0.0.1 - - [06/Oct/2025 16:19:18] "POST /web/dataset/call_kw/ir.module.module/get_views#ir.module.module.get_views HTTP/1.1" 200 - 45 0.023 0.025
2025-10-06 16:19:18,283 1352 INFO petahukum werkzeug: 127.0.0.1 - - [06/Oct/2025 16:19:18] "POST /web/dataset/call_kw/ir.module.module/search_panel_select_range#ir.module.module.search_panel_select_range HTTP/1.1" 200 - 1 0.000 0.003
2025-10-06 16:19:18,402 1352 INFO petahukum werkzeug: 127.0.0.1 - - [06/Oct/2025 16:19:18] "POST /web/dataset/call_kw/ir.module.module/check_module_update#ir.module.module.check_module_update HTTP/1.1" 200 - 2 0.004 0.001
2025-10-06 16:19:18,409 1352 INFO petahukum werkzeug: 127.0.0.1 - - [06/Oct/2025 16:19:18] "POST /web/dataset/call_kw/ir.module.module/search_panel_select_range#ir.module.module.search_panel_select_range HTTP/1.1" 200 - 43 0.004 0.015
2025-10-06 16:19:18,865 1352 INFO petahukum werkzeug: 127.0.0.1 - - [06/Oct/2025 16:19:18] "POST /web/dataset/call_kw/ir.module.module/web_search_read#ir.module.module.web_search_read HTTP/1.1" 200 - 4 0.006 0.470
2025-10-06 16:19:18,921 1352 INFO petahukum werkzeug: 127.0.0.1 - - [06/Oct/2025 16:19:18] "POST /web/dataset/call_kw/ir.module.module/check_module_update#ir.module.module.check_module_update HTTP/1.1" 200 - 2 0.001 0.002
2025-10-06 16:28:43,488 1352 INFO petahukum werkzeug: 127.0.0.1 - - [06/Oct/2025 16:28:43] "GET /web/service-worker.js HTTP/1.1" 200 - 1 0.001 0.026
2025-10-06 16:28:43,724 1352 INFO petahukum werkzeug: 127.0.0.1 - - [06/Oct/2025 16:28:43] "GET /odoo HTTP/1.1" 200 - 8 0.000 0.000
2025-10-06 16:28:43,820 1352 INFO petahukum werkzeug: 127.0.0.1 - - [06/Oct/2025 16:28:43] "GET /odoo/offline HTTP/1.1" 200 - 6 0.002 0.017
2025-10-06 16:49:00,301 1352 INFO petahukum werkzeug: 127.0.0.1 - - [06/Oct/2025 16:49:00] "GET /websocket?version=saas-18.5-1 HTTP/1.1" 101 - 1 0.007 0.004
2025-10-06 16:49:00,639 1352 INFO petahukum werkzeug: 127.0.0.1 - - [06/Oct/2025 16:49:00] "POST /bus/has_missed_notifications HTTP/1.1" 200 - 2 0.002 0.024
2025-10-06 17:03:33,333 1352 INFO petahukum werkzeug: 127.0.0.1 - - [06/Oct/2025 17:03:33] "GET /websocket?version=saas-18.5-1 HTTP/1.1" 101 - 1 0.005 0.013
2025-10-06 17:03:33,656 1352 INFO petahukum werkzeug: 127.0.0.1 - - [06/Oct/2025 17:03:33] "POST /bus/has_missed_notifications HTTP/1.1" 200 - 2 0.000 0.003
2025-10-07 02:58:11,751 1352 INFO petahukum werkzeug: 127.0.0.1 - - [07/Oct/2025 02:58:11] "GET /odoo/apps HTTP/1.1" 303 - 2 0.024 0.084
2025-10-07 02:58:12,091 1352 WARNING ? py.warnings: C:\Program Files\Odoo 19.0.20251001\server\odoo\sql_db.py:687: UserWarning: Postgres version is 120004, lower than minimum required 130000
  File "C:\Program Files\Odoo 19.0.20251001\python\Lib\threading.py", line 1030, in _bootstrap
    self._bootstrap_inner()
  File "C:\Program Files\Odoo 19.0.20251001\python\Lib\threading.py", line 1073, in _bootstrap_inner
    self.run()
  File "C:\Program Files\Odoo 19.0.20251001\python\Lib\threading.py", line 1010, in run
    self._target(*self._args, **self._kwargs)
  File "C:\Program Files\Odoo 19.0.20251001\python\Lib\socketserver.py", line 692, in process_request_thread
    self.finish_request(request, client_address)
  File "C:\Program Files\Odoo 19.0.20251001\python\Lib\socketserver.py", line 362, in finish_request
    self.RequestHandlerClass(request, client_address, self)
  File "C:\Program Files\Odoo 19.0.20251001\python\Lib\socketserver.py", line 761, in __init__
    self.handle()
  File "C:\Program Files\Odoo 19.0.20251001\python\Lib\site-packages\werkzeug\serving.py", line 390, in handle
    super().handle()
  File "C:\Program Files\Odoo 19.0.20251001\python\Lib\http\server.py", line 436, in handle
    self.handle_one_request()
  File "C:\Program Files\Odoo 19.0.20251001\python\Lib\http\server.py", line 424, in handle_one_request
    method()
  File "C:\Program Files\Odoo 19.0.20251001\python\Lib\site-packages\werkzeug\serving.py", line 362, in run_wsgi
    execute(self.server.app)
  File "C:\Program Files\Odoo 19.0.20251001\python\Lib\site-packages\werkzeug\serving.py", line 323, in execute
    application_iter = app(environ, start_response)
  File "C:\Program Files\Odoo 19.0.20251001\server\odoo\http.py", line 2790, in __call__
    request._post_init()
  File "C:\Program Files\Odoo 19.0.20251001\server\odoo\http.py", line 1774, in _post_init
    self.session, self.db = self._get_session_and_dbname()
  File "C:\Program Files\Odoo 19.0.20251001\server\odoo\http.py", line 1804, in _get_session_and_dbname
    all_dbs = db_list(force=True, host=host)
  File "C:\Program Files\Odoo 19.0.20251001\server\odoo\http.py", line 373, in db_list
    dbs = odoo.service.db.list_dbs(force)
  File "C:\Program Files\Odoo 19.0.20251001\server\odoo\service\db.py", line 447, in list_dbs
    with closing(db.cursor()) as cr:
  File "C:\Program Files\Odoo 19.0.20251001\server\odoo\sql_db.py", line 756, in cursor
    return Cursor(self.__pool, self.__dbname, self.__dsn)
  File "C:\Program Files\Odoo 19.0.20251001\server\odoo\sql_db.py", line 358, in __init__
    self._cnx: PsycoConnection = pool.borrow(dsn)
  File "C:\Program Files\Odoo 19.0.20251001\server\odoo\tools\func.py", line 88, in locked
    return func(inst, *args, **kwargs)
  File "C:\Program Files\Odoo 19.0.20251001\server\odoo\sql_db.py", line 687, in borrow
    warnings.warn(f"Postgres version is {result.server_version}, lower than minimum required {MIN_PG_VERSION * 10000}")
 
2025-10-07 02:58:12,557 1352 INFO petahukum werkzeug: 127.0.0.1 - - [07/Oct/2025 02:58:12] "GET /web/login?redirect=/odoo/apps? HTTP/1.1" 200 - 39 0.055 0.444
2025-10-07 02:58:12,596 1352 WARNING ? py.warnings: C:\Program Files\Odoo 19.0.20251001\server\odoo\sql_db.py:687: UserWarning: Postgres version is 120004, lower than minimum required 130000
  File "C:\Program Files\Odoo 19.0.20251001\python\Lib\threading.py", line 1030, in _bootstrap
    self._bootstrap_inner()
  File "C:\Program Files\Odoo 19.0.20251001\python\Lib\threading.py", line 1073, in _bootstrap_inner
    self.run()
  File "C:\Program Files\Odoo 19.0.20251001\python\Lib\threading.py", line 1010, in run
    self._target(*self._args, **self._kwargs)
  File "C:\Program Files\Odoo 19.0.20251001\python\Lib\socketserver.py", line 692, in process_request_thread
    self.finish_request(request, client_address)
  File "C:\Program Files\Odoo 19.0.20251001\python\Lib\socketserver.py", line 362, in finish_request
    self.RequestHandlerClass(request, client_address, self)
  File "C:\Program Files\Odoo 19.0.20251001\python\Lib\socketserver.py", line 761, in __init__
    self.handle()
  File "C:\Program Files\Odoo 19.0.20251001\python\Lib\site-packages\werkzeug\serving.py", line 390, in handle
    super().handle()
  File "C:\Program Files\Odoo 19.0.20251001\python\Lib\http\server.py", line 436, in handle
    self.handle_one_request()
  File "C:\Program Files\Odoo 19.0.20251001\python\Lib\http\server.py", line 424, in handle_one_request
    method()
  File "C:\Program Files\Odoo 19.0.20251001\python\Lib\site-packages\werkzeug\serving.py", line 362, in run_wsgi
    execute(self.server.app)
  File "C:\Program Files\Odoo 19.0.20251001\python\Lib\site-packages\werkzeug\serving.py", line 323, in execute
    application_iter = app(environ, start_response)
  File "C:\Program Files\Odoo 19.0.20251001\server\odoo\http.py", line 2790, in __call__
    request._post_init()
  File "C:\Program Files\Odoo 19.0.20251001\server\odoo\http.py", line 1774, in _post_init
    self.session, self.db = self._get_session_and_dbname()
  File "C:\Program Files\Odoo 19.0.20251001\server\odoo\http.py", line 1804, in _get_session_and_dbname
    all_dbs = db_list(force=True, host=host)
  File "C:\Program Files\Odoo 19.0.20251001\server\odoo\http.py", line 373, in db_list
    dbs = odoo.service.db.list_dbs(force)
  File "C:\Program Files\Odoo 19.0.20251001\server\odoo\service\db.py", line 447, in list_dbs
    with closing(db.cursor()) as cr:
  File "C:\Program Files\Odoo 19.0.20251001\server\odoo\sql_db.py", line 756, in cursor
    return Cursor(self.__pool, self.__dbname, self.__dsn)
  File "C:\Program Files\Odoo 19.0.20251001\server\odoo\sql_db.py", line 358, in __init__
    self._cnx: PsycoConnection = pool.borrow(dsn)
  File "C:\Program Files\Odoo 19.0.20251001\server\odoo\tools\func.py", line 88, in locked
    return func(inst, *args, **kwargs)
  File "C:\Program Files\Odoo 19.0.20251001\server\odoo\sql_db.py", line 687, in borrow
    warnings.warn(f"Postgres version is {result.server_version}, lower than minimum required {MIN_PG_VERSION * 10000}")
 
2025-10-07 02:58:12,621 1352 INFO ? werkzeug: 127.0.0.1 - - [07/Oct/2025 02:58:12] "GET /web/static/src/libs/fontawesome/fonts/fontawesome-webfont.woff2?v=4.7.0 HTTP/1.1" 200 - 1 0.008 0.049
2025-10-07 02:58:12,974 1352 INFO petahukum werkzeug: 127.0.0.1 - - [07/Oct/2025 02:58:12] "GET /web/binary/company_logo HTTP/1.1" 200 - 3 0.020 0.095
2025-10-07 02:58:13,511 1352 INFO petahukum odoo.addons.base.models.assetsbundle: Generating a new asset bundle attachment /web/assets/dd486fe/web.assets_frontend_minimal.min.js (id:203) 
2025-10-07 02:58:13,538 1352 INFO petahukum werkzeug: 127.0.0.1 - - [07/Oct/2025 02:58:13] "GET /web/assets/dd486fe/web.assets_frontend_minimal.min.js HTTP/1.1" 200 - 10 0.008 0.245
2025-10-07 02:58:18,684 1352 INFO petahukum odoo.addons.base.models.assetsbundle: Generating a new asset bundle attachment /web/assets/9037e1e/web.assets_frontend.min.css (id:204) 
2025-10-07 02:58:18,700 1352 INFO petahukum werkzeug: 127.0.0.1 - - [07/Oct/2025 02:58:18] "GET /web/assets/9037e1e/web.assets_frontend.min.css HTTP/1.1" 200 - 10 0.076 5.765
2025-10-07 02:58:19,111 1352 INFO ? werkzeug: 127.0.0.1 - - [07/Oct/2025 02:58:19] "GET /web/static/img/favicon.ico HTTP/1.1" 200 - 1 0.016 0.053
2025-10-07 02:58:35,016 1352 INFO petahukum odoo.addons.base.models.assetsbundle: Generating a new asset bundle attachment /web/assets/d0ef088/web.assets_frontend_lazy.min.js (id:205) 
2025-10-07 02:58:35,494 1352 INFO petahukum werkzeug: 127.0.0.1 - - [07/Oct/2025 02:58:35] "GET /web/assets/d0ef088/web.assets_frontend_lazy.min.js HTTP/1.1" 200 - 10 0.019 16.416
2025-10-07 02:58:36,009 1352 INFO petahukum werkzeug: 127.0.0.1 - - [07/Oct/2025 02:58:36] "GET /web/webclient/translations?hash=&lang= HTTP/1.1" 200 - 3 0.003 0.043
2025-10-07 02:58:42,840 1352 INFO petahukum werkzeug: 127.0.0.1 - - [07/Oct/2025 02:58:42] "GET /web/service-worker.js HTTP/1.1" 200 - 3 0.003 0.062
2025-10-07 02:58:43,283 1352 INFO petahukum werkzeug: 127.0.0.1 - - [07/Oct/2025 02:58:43] "GET /odoo HTTP/1.1" 303 - 2 0.021 0.052
2025-10-07 02:58:43,302 1352 INFO petahukum werkzeug: 127.0.0.1 - - [07/Oct/2025 02:58:43] "GET /odoo/offline HTTP/1.1" 200 - 4 0.013 0.079
2025-10-07 02:58:43,499 1352 WARNING ? py.warnings: C:\Program Files\Odoo 19.0.20251001\server\odoo\sql_db.py:687: UserWarning: Postgres version is 120004, lower than minimum required 130000
  File "C:\Program Files\Odoo 19.0.20251001\python\Lib\threading.py", line 1030, in _bootstrap
    self._bootstrap_inner()
  File "C:\Program Files\Odoo 19.0.20251001\python\Lib\threading.py", line 1073, in _bootstrap_inner
    self.run()
  File "C:\Program Files\Odoo 19.0.20251001\python\Lib\threading.py", line 1010, in run
    self._target(*self._args, **self._kwargs)
  File "C:\Program Files\Odoo 19.0.20251001\python\Lib\socketserver.py", line 692, in process_request_thread
    self.finish_request(request, client_address)
  File "C:\Program Files\Odoo 19.0.20251001\python\Lib\socketserver.py", line 362, in finish_request
    self.RequestHandlerClass(request, client_address, self)
  File "C:\Program Files\Odoo 19.0.20251001\python\Lib\socketserver.py", line 761, in __init__
    self.handle()
  File "C:\Program Files\Odoo 19.0.20251001\python\Lib\site-packages\werkzeug\serving.py", line 390, in handle
    super().handle()
  File "C:\Program Files\Odoo 19.0.20251001\python\Lib\http\server.py", line 436, in handle
    self.handle_one_request()
  File "C:\Program Files\Odoo 19.0.20251001\python\Lib\http\server.py", line 424, in handle_one_request
    method()
  File "C:\Program Files\Odoo 19.0.20251001\python\Lib\site-packages\werkzeug\serving.py", line 362, in run_wsgi
    execute(self.server.app)
  File "C:\Program Files\Odoo 19.0.20251001\python\Lib\site-packages\werkzeug\serving.py", line 323, in execute
    application_iter = app(environ, start_response)
  File "C:\Program Files\Odoo 19.0.20251001\server\odoo\http.py", line 2790, in __call__
    request._post_init()
  File "C:\Program Files\Odoo 19.0.20251001\server\odoo\http.py", line 1774, in _post_init
    self.session, self.db = self._get_session_and_dbname()
  File "C:\Program Files\Odoo 19.0.20251001\server\odoo\http.py", line 1804, in _get_session_and_dbname
    all_dbs = db_list(force=True, host=host)
  File "C:\Program Files\Odoo 19.0.20251001\server\odoo\http.py", line 373, in db_list
    dbs = odoo.service.db.list_dbs(force)
  File "C:\Program Files\Odoo 19.0.20251001\server\odoo\service\db.py", line 447, in list_dbs
    with closing(db.cursor()) as cr:
  File "C:\Program Files\Odoo 19.0.20251001\server\odoo\sql_db.py", line 756, in cursor
    return Cursor(self.__pool, self.__dbname, self.__dsn)
  File "C:\Program Files\Odoo 19.0.20251001\server\odoo\sql_db.py", line 358, in __init__
    self._cnx: PsycoConnection = pool.borrow(dsn)
  File "C:\Program Files\Odoo 19.0.20251001\server\odoo\tools\func.py", line 88, in locked
    return func(inst, *args, **kwargs)
  File "C:\Program Files\Odoo 19.0.20251001\server\odoo\sql_db.py", line 687, in borrow
    warnings.warn(f"Postgres version is {result.server_version}, lower than minimum required {MIN_PG_VERSION * 10000}")
 
2025-10-07 02:58:43,553 1352 INFO petahukum werkzeug: 127.0.0.1 - - [07/Oct/2025 02:58:43] "GET /web/login?redirect=/odoo? HTTP/1.1" 200 - 5 0.006 0.080
2025-10-07 03:08:06,192 1352 INFO petahukum odoo.addons.base.models.res_device: User 2 inserts device log (r9S16gRwaxPGxMJItdBmi7fMD8Mar1PuqEiIAn4yPx) 
2025-10-07 03:08:06,225 1352 INFO petahukum werkzeug: 127.0.0.1 - - [07/Oct/2025 03:08:06] "GET /odoo/apps HTTP/1.1" 200 - 10 0.018 0.025
2025-10-07 03:08:06,483 1352 INFO petahukum werkzeug: 127.0.0.1 - - [07/Oct/2025 03:08:06] "GET /web/webclient/load_menus HTTP/1.1" 200 - 1 0.001 0.012
2025-10-07 03:08:06,812 1352 INFO petahukum werkzeug: 127.0.0.1 - - [07/Oct/2025 03:08:06] "GET /web/webclient/translations?hash=ae90ab5f4c0da288bd95c52216c35e6c1d2849e7&lang=en_US HTTP/1.1" 200 - 1 0.002 0.001
2025-10-07 03:08:07,139 1352 INFO petahukum werkzeug: 127.0.0.1 - - [07/Oct/2025 03:08:07] "GET /web/manifest.webmanifest HTTP/1.1" 200 - 4 0.015 0.005
2025-10-07 03:08:07,301 1352 INFO petahukum werkzeug: 127.0.0.1 - - [07/Oct/2025 03:08:07] "GET /bus/websocket_worker_bundle?v=saas-18.5-1 HTTP/1.1" 304 - 3 0.002 0.033
2025-10-07 03:08:07,626 1352 INFO petahukum werkzeug: 127.0.0.1 - - [07/Oct/2025 03:08:07] "GET /websocket?version=saas-18.5-1 HTTP/1.1" 101 - 1 0.000 0.008
2025-10-07 03:08:08,941 1352 INFO petahukum werkzeug: 127.0.0.1 - - [07/Oct/2025 03:08:08] "GET /web/service-worker.js HTTP/1.1" 200 - 1 0.001 0.004
2025-10-07 03:25:08,870 1352 INFO petahukum werkzeug: 127.0.0.1 - - [07/Oct/2025 03:25:08] "POST /web/dataset/call_kw/ir.module.module/get_views#ir.module.module.get_views HTTP/1.1" 200 - 2 0.012 0.145
2025-10-07 03:25:08,871 1352 INFO petahukum werkzeug: 127.0.0.1 - - [07/Oct/2025 03:25:08] "POST /web/dataset/call_kw/ir.module.module/search_panel_select_range#ir.module.module.search_panel_select_range HTTP/1.1" 200 - 1 0.007 0.151
2025-10-07 03:25:08,872 1352 INFO petahukum werkzeug: 127.0.0.1 - - [07/Oct/2025 03:25:08] "POST /web/dataset/call_kw/ir.module.module/search_panel_select_range#ir.module.module.search_panel_select_range HTTP/1.1" 200 - 41 0.027 0.117
2025-10-07 03:25:08,876 1352 INFO petahukum werkzeug: 127.0.0.1 - - [07/Oct/2025 03:25:08] "POST /web/dataset/call_kw/ir.module.module/check_module_update#ir.module.module.check_module_update HTTP/1.1" 200 - 2 0.004 0.098
2025-10-07 03:25:08,887 1352 INFO petahukum werkzeug: 127.0.0.1 - - [07/Oct/2025 03:25:08] "POST /web/dataset/call_kw/ir.module.module/check_module_update#ir.module.module.check_module_update HTTP/1.1" 200 - 2 0.010 0.132
2025-10-07 03:25:08,914 1352 INFO petahukum werkzeug: 127.0.0.1 - - [07/Oct/2025 03:25:08] "POST /web/dataset/call_kw/ir.module.module/web_search_read#ir.module.module.web_search_read HTTP/1.1" 200 - 3 0.011 0.174
2025-10-07 03:25:09,214 1352 INFO petahukum werkzeug: 127.0.0.1 - - [07/Oct/2025 03:25:09] "GET /web/image?model=res.users&field=avatar_128&id=2 HTTP/1.1" 304 - 9 0.021 0.014
2025-10-07 03:56:47,626 1352 INFO ? odoo.service.server: Initiating shutdown 
2025-10-07 03:56:47,626 1352 INFO ? odoo.service.server: Hit CTRL-C again or send a second signal to force the shutdown. 
2025-10-07 03:56:48,066 1352 INFO ? odoo.sql_db: ConnectionPool(read/write;used=0/count=0/max=64): Closed 2 connections  
2025-10-07 03:56:53,158 31612 INFO ? odoo: Odoo version 19.0-20251001 
2025-10-07 03:56:53,158 31612 INFO ? odoo: Using configuration file at c:\program files\odoo 19.0.20251001\server\odoo.conf 
2025-10-07 03:56:53,160 31612 INFO ? odoo: addons paths: _NamespacePath(['C:\\Program Files\\Odoo 19.0.20251001\\server\\odoo\\addons', 'c:\\users\\dimas\\appdata\\local\\openerp s.a\\odoo\\addons\\19.0', 'c:\\program files\\odoo 19.0.20251001\\server\\odoo\\addons', 'c:\\program files\\odoo 19.0.20251001\\server\\odoo\\custom_addons', 'c:\\program files\\odoo 19.0.20251001\\server\\addons']) 
2025-10-07 03:56:53,160 31612 INFO ? odoo: database: openpg@localhost:5432 
2025-10-07 03:56:54,078 31612 INFO ? odoo.service.server: HTTP service (werkzeug) running on LAPTOP-OC7V06CA:8069 
2025-10-07 03:56:54,175 31612 WARNING ? py.warnings: C:\Program Files\Odoo 19.0.20251001\server\odoo\sql_db.py:687: UserWarning: Postgres version is 120004, lower than minimum required 130000
  File "C:\Program Files\Odoo 19.0.20251001\python\Lib\threading.py", line 1030, in _bootstrap
    self._bootstrap_inner()
  File "C:\Program Files\Odoo 19.0.20251001\python\Lib\threading.py", line 1073, in _bootstrap_inner
    self.run()
  File "C:\Program Files\Odoo 19.0.20251001\python\Lib\threading.py", line 1010, in run
    self._target(*self._args, **self._kwargs)
  File "C:\Program Files\Odoo 19.0.20251001\server\odoo\service\server.py", line 569, in cron_thread
    with contextlib.closing(conn.cursor()) as cr:
  File "C:\Program Files\Odoo 19.0.20251001\server\odoo\sql_db.py", line 756, in cursor
    return Cursor(self.__pool, self.__dbname, self.__dsn)
  File "C:\Program Files\Odoo 19.0.20251001\server\odoo\sql_db.py", line 358, in __init__
    self._cnx: PsycoConnection = pool.borrow(dsn)
  File "C:\Program Files\Odoo 19.0.20251001\server\odoo\tools\func.py", line 88, in locked
    return func(inst, *args, **kwargs)
  File "C:\Program Files\Odoo 19.0.20251001\server\odoo\sql_db.py", line 687, in borrow
    warnings.warn(f"Postgres version is {result.server_version}, lower than minimum required {MIN_PG_VERSION * 10000}")
 
2025-10-07 03:56:56,232 31612 INFO ? odoo.modules.loading: loading 1 modules... 
2025-10-07 03:56:56,236 31612 INFO ? odoo.modules.loading: 1 modules loaded in 0.00s, 0 queries (+0 extra) 
2025-10-07 03:56:56,352 31612 INFO ? odoo.modules.loading: loading 14 modules... 
2025-10-07 03:56:56,851 31612 INFO ? odoo.modules.loading: 14 modules loaded in 0.50s, 0 queries (+0 extra) 
2025-10-07 03:56:56,883 31612 INFO ? odoo.modules.loading: Modules loaded. 
2025-10-07 03:56:56,897 31612 INFO ? odoo.registry: Registry loaded in 0.712s 
2025-10-07 03:56:56,898 31612 INFO petahukum odoo.addons.base.models.ir_http: Generating routing map for key None 
2025-10-07 03:56:56,920 31612 INFO petahukum werkzeug: 127.0.0.1 - - [07/Oct/2025 03:56:56] "GET /websocket?version=saas-18.5-1 HTTP/1.1" 101 - 21 0.035 0.701
2025-10-07 03:56:57,238 31612 INFO ? odoo.addons.bus.models.bus: Bus.loop listen imbus on db postgres 
2025-10-07 03:56:57,277 31612 WARNING ? py.warnings: C:\Program Files\Odoo 19.0.20251001\server\odoo\sql_db.py:687: UserWarning: Postgres version is 120004, lower than minimum required 130000
  File "C:\Program Files\Odoo 19.0.20251001\python\Lib\threading.py", line 1030, in _bootstrap
    self._bootstrap_inner()
  File "C:\Program Files\Odoo 19.0.20251001\python\Lib\threading.py", line 1073, in _bootstrap_inner
    self.run()
  File "C:\Program Files\Odoo 19.0.20251001\server\odoo\addons\bus\models\bus.py", line 261, in run
    self.loop()
  File "C:\Program Files\Odoo 19.0.20251001\server\odoo\addons\bus\models\bus.py", line 238, in loop
    with odoo.sql_db.db_connect('postgres').cursor() as cr, \
  File "C:\Program Files\Odoo 19.0.20251001\server\odoo\sql_db.py", line 756, in cursor
    return Cursor(self.__pool, self.__dbname, self.__dsn)
  File "C:\Program Files\Odoo 19.0.20251001\server\odoo\sql_db.py", line 358, in __init__
    self._cnx: PsycoConnection = pool.borrow(dsn)
  File "C:\Program Files\Odoo 19.0.20251001\server\odoo\tools\func.py", line 88, in locked
    return func(inst, *args, **kwargs)
  File "C:\Program Files\Odoo 19.0.20251001\server\odoo\sql_db.py", line 687, in borrow
    warnings.warn(f"Postgres version is {result.server_version}, lower than minimum required {MIN_PG_VERSION * 10000}")
 
2025-10-07 03:56:57,411 31612 INFO petahukum werkzeug: 127.0.0.1 - - [07/Oct/2025 03:56:57] "POST /bus/has_missed_notifications HTTP/1.1" 200 - 2 0.000 0.172
2025-10-07 03:57:54,220 31612 INFO petahukum odoo.addons.base.models.ir_cron: Job 'Base: Auto-vacuum internal data' (1) starting 
2025-10-07 03:57:54,333 31612 INFO petahukum odoo.addons.base.models.res_users: GC 'res.users.apikeys' delete 0 entries 
2025-10-07 03:57:54,341 31612 INFO petahukum odoo.addons.api_doc.models.ir_attachment: GC'd 0 /doc cached index 
2025-10-07 03:57:54,344 31612 INFO petahukum odoo.addons.base.models.res_users: GC'd 0 user log entries 
2025-10-07 03:57:54,378 31612 INFO petahukum odoo.addons.base.models.res_device: GC device logs delete 1 entries 
2025-10-07 03:57:54,418 31612 INFO petahukum odoo.addons.base.models.ir_attachment: filestore gc 6 checked, 0 removed 
2025-10-07 03:57:54,462 31612 INFO petahukum odoo.addons.base.models.res_device: GC device logs delete 0 entries 
2025-10-07 03:57:54,483 31612 INFO petahukum odoo.addons.base.models.res_users: GC 'auth_totp.device' delete 0 entries 
2025-10-07 03:57:54,485 31612 INFO petahukum odoo.addons.base.models.ir_cron: Job 'Base: Auto-vacuum internal data' (1) fully done (#loop 1; done 44; remaining 0; duration 0.26s) 
2025-10-07 03:57:54,495 31612 INFO petahukum odoo.addons.base.models.ir_cron: Job 'Base: Portal Users Deletion' (2) starting 
2025-10-07 03:57:54,504 31612 INFO petahukum odoo.addons.base.models.ir_cron: Job 'Base: Portal Users Deletion' (2) fully done (#loop 1; done 0; remaining 0; duration 0.00s) 
2025-10-07 03:59:39,925 31612 INFO petahukum werkzeug: 127.0.0.1 - - [07/Oct/2025 03:59:39] "POST /web/action/load HTTP/1.1" 200 - 10 0.013 0.004
2025-10-07 03:59:40,177 31612 INFO petahukum werkzeug: 127.0.0.1 - - [07/Oct/2025 03:59:40] "POST /web/dataset/call_kw/base.module.update/get_views#base.module.update.get_views HTTP/1.1" 200 - 16 0.013 0.008
2025-10-07 03:59:40,258 31612 INFO petahukum werkzeug: 127.0.0.1 - - [07/Oct/2025 03:59:40] "POST /web/dataset/call_kw/base.module.update/onchange#base.module.update.onchange HTTP/1.1" 200 - 3 0.005 0.003
2025-10-07 03:59:41,722 31612 INFO petahukum werkzeug: 127.0.0.1 - - [07/Oct/2025 03:59:41] "POST /web/dataset/call_kw/base.module.update/web_save#base.module.update.web_save HTTP/1.1" 200 - 5 0.006 0.003
2025-10-07 03:59:42,041 31612 INFO petahukum odoo.addons.base.models.ir_module: ALLOW access to module.update_list on [] to user dimasramadhan9833@gmail.com #2 via 127.0.0.1 
2025-10-07 03:59:50,976 31612 WARNING petahukum odoo.modules.module: Missing `license` key in manifest for 'legal_verdict', defaulting to LGPL-3 
2025-10-07 03:59:50,980 31612 WARNING petahukum odoo.modules.module: Missing `license` key in manifest for 'legal_website', defaulting to LGPL-3 
2025-10-07 03:59:51,254 31612 WARNING petahukum odoo.modules.module: The module sttl_sale_subscription has an incompatible version, setting installable=False 
2025-10-07 03:59:51,257 31612 WARNING petahukum odoo.modules.module: The module subscription_package has an incompatible version, setting installable=False 
2025-10-07 03:59:51,498 31612 INFO petahukum werkzeug: 127.0.0.1 - - [07/Oct/2025 03:59:51] "POST /web/dataset/call_button/base.module.update/update_module#base.module.update.update_module HTTP/1.1" 200 - 1603 0.388 9.072
2025-10-07 04:11:29,419 31612 INFO petahukum odoo.addons.base.models.res_device: User 2 inserts device log (r9S16gRwaxPGxMJItdBmi7fMD8Mar1PuqEiIAn4yPx) 
2025-10-07 04:11:29,444 31612 INFO petahukum werkzeug: 127.0.0.1 - - [07/Oct/2025 04:11:29] "POST /web/dataset/call_kw/ir.module.module/search_panel_select_range#ir.module.module.search_panel_select_range HTTP/1.1" 200 - 43 0.011 0.017
2025-10-07 04:11:29,454 31612 INFO petahukum odoo.addons.base.models.res_device: User 2 inserts device log (r9S16gRwaxPGxMJItdBmi7fMD8Mar1PuqEiIAn4yPx) 
2025-10-07 04:11:29,497 31612 WARNING petahukum odoo.modules.module: Missing `license` key in manifest for 'legal_verdict', defaulting to LGPL-3 
2025-10-07 04:11:29,499 31612 WARNING petahukum odoo.modules.module: Missing `license` key in manifest for 'legal_website', defaulting to LGPL-3 
2025-10-07 04:11:29,509 31612 WARNING petahukum odoo.modules.module: The module subscription_package has an incompatible version, setting installable=False 
2025-10-07 04:11:29,545 31612 INFO petahukum werkzeug: 127.0.0.1 - - [07/Oct/2025 04:11:29] "POST /web/dataset/call_kw/ir.module.module/web_search_read#ir.module.module.web_search_read HTTP/1.1" 200 - 5 0.013 0.117
2025-10-07 04:11:29,693 31612 INFO petahukum werkzeug: 127.0.0.1 - - [07/Oct/2025 04:11:29] "POST /web/dataset/call_kw/ir.module.module/check_module_update#ir.module.module.check_module_update HTTP/1.1" 200 - 2 0.000 0.014
2025-10-07 04:11:29,916 31612 INFO petahukum werkzeug: 127.0.0.1 - - [07/Oct/2025 04:11:29] "GET /subscription_package/static/description/icon.png HTTP/1.1" 404 - 2 0.001 0.001
2025-10-07 04:11:31,401 31612 INFO petahukum werkzeug: 127.0.0.1 - - [07/Oct/2025 04:11:31] "POST /web/dataset/call_kw/ir.module.module/search_panel_select_range#ir.module.module.search_panel_select_range HTTP/1.1" 200 - 41 0.018 0.007
2025-10-07 04:11:31,724 31612 INFO petahukum werkzeug: 127.0.0.1 - - [07/Oct/2025 04:11:31] "POST /web/dataset/call_kw/ir.module.module/web_search_read#ir.module.module.web_search_read HTTP/1.1" 200 - 3 0.005 0.004
2025-10-07 04:11:31,983 31612 INFO petahukum werkzeug: 127.0.0.1 - - [07/Oct/2025 04:11:31] "POST /web/dataset/call_kw/ir.module.module/check_module_update#ir.module.module.check_module_update HTTP/1.1" 200 - 2 0.001 0.003
2025-10-07 05:15:34,942 31612 INFO petahukum odoo.addons.base.models.res_device: User 2 inserts device log (r9S16gRwaxPGxMJItdBmi7fMD8Mar1PuqEiIAn4yPx) 
2025-10-07 05:15:34,946 31612 INFO petahukum werkzeug: 127.0.0.1 - - [07/Oct/2025 05:15:34] "GET /websocket?version=saas-18.5-1 HTTP/1.1" 101 - 2 0.000 0.016
2025-10-07 05:15:35,379 31612 INFO petahukum werkzeug: 127.0.0.1 - - [07/Oct/2025 05:15:35] "POST /bus/has_missed_notifications HTTP/1.1" 200 - 2 0.007 0.108
2025-10-07 05:17:54,119 31612 WARNING ? odoo.service.server: Thread <Thread(odoo.service.http.request.26852, started 26852)> virtual real time limit (138/120s) reached. 
2025-10-07 05:17:54,119 31612 INFO ? odoo.service.server: Dumping stacktrace of limit exceeding threads before reloading 
2025-10-07 05:17:54,177 31612 INFO ? odoo.tools.misc: 
# Thread: <Thread(odoo.service.http.request.26852, started 26852)> (db:n/a) (uid:n/a) (url:n/a) (qc:n/a qt:n/a pt:n/a)
File: "C:\Program Files\Odoo 19.0.20251001\python\Lib\threading.py", line 1030, in _bootstrap
  self._bootstrap_inner()
File: "C:\Program Files\Odoo 19.0.20251001\python\Lib\threading.py", line 1073, in _bootstrap_inner
  self.run()
File: "C:\Program Files\Odoo 19.0.20251001\python\Lib\threading.py", line 1010, in run
  self._target(*self._args, **self._kwargs)
File: "C:\Program Files\Odoo 19.0.20251001\python\Lib\socketserver.py", line 692, in process_request_thread
  self.finish_request(request, client_address)
File: "C:\Program Files\Odoo 19.0.20251001\python\Lib\socketserver.py", line 362, in finish_request
  self.RequestHandlerClass(request, client_address, self)
File: "C:\Program Files\Odoo 19.0.20251001\python\Lib\socketserver.py", line 761, in __init__
  self.handle()
File: "C:\Program Files\Odoo 19.0.20251001\python\Lib\site-packages\werkzeug\serving.py", line 390, in handle
  super().handle()
File: "C:\Program Files\Odoo 19.0.20251001\python\Lib\http\server.py", line 436, in handle
  self.handle_one_request()
File: "C:\Program Files\Odoo 19.0.20251001\python\Lib\http\server.py", line 404, in handle_one_request
  self.raw_requestline = self.rfile.readline(65537)
File: "C:\Program Files\Odoo 19.0.20251001\python\Lib\socket.py", line 707, in readinto
  return self._sock.recv_into(b) 
2025-10-07 05:17:57,697 1212 INFO ? odoo: Odoo version 19.0-20251001 
2025-10-07 05:17:57,698 1212 INFO ? odoo: Using configuration file at c:\program files\odoo 19.0.20251001\server\odoo.conf 
2025-10-07 05:17:57,698 1212 INFO ? odoo: addons paths: _NamespacePath(['C:\\Program Files\\Odoo 19.0.20251001\\server\\odoo\\addons', 'c:\\users\\dimas\\appdata\\local\\openerp s.a\\odoo\\addons\\19.0', 'c:\\program files\\odoo 19.0.20251001\\server\\odoo\\addons', 'c:\\program files\\odoo 19.0.20251001\\server\\odoo\\custom_addons', 'c:\\program files\\odoo 19.0.20251001\\server\\addons']) 
2025-10-07 05:17:57,698 1212 INFO ? odoo: database: openpg@localhost:5432 
2025-10-07 05:17:58,452 1212 INFO ? odoo.service.server: HTTP service (werkzeug) running on LAPTOP-OC7V06CA:8069 
2025-10-07 05:17:58,546 1212 WARNING ? py.warnings: C:\Program Files\Odoo 19.0.20251001\server\odoo\sql_db.py:687: UserWarning: Postgres version is 120004, lower than minimum required 130000
  File "C:\Program Files\Odoo 19.0.20251001\python\Lib\threading.py", line 1030, in _bootstrap
    self._bootstrap_inner()
  File "C:\Program Files\Odoo 19.0.20251001\python\Lib\threading.py", line 1073, in _bootstrap_inner
    self.run()
  File "C:\Program Files\Odoo 19.0.20251001\python\Lib\threading.py", line 1010, in run
    self._target(*self._args, **self._kwargs)
  File "C:\Program Files\Odoo 19.0.20251001\server\odoo\service\server.py", line 569, in cron_thread
    with contextlib.closing(conn.cursor()) as cr:
  File "C:\Program Files\Odoo 19.0.20251001\server\odoo\sql_db.py", line 756, in cursor
    return Cursor(self.__pool, self.__dbname, self.__dsn)
  File "C:\Program Files\Odoo 19.0.20251001\server\odoo\sql_db.py", line 358, in __init__
    self._cnx: PsycoConnection = pool.borrow(dsn)
  File "C:\Program Files\Odoo 19.0.20251001\server\odoo\tools\func.py", line 88, in locked
    return func(inst, *args, **kwargs)
  File "C:\Program Files\Odoo 19.0.20251001\server\odoo\sql_db.py", line 687, in borrow
    warnings.warn(f"Postgres version is {result.server_version}, lower than minimum required {MIN_PG_VERSION * 10000}")
 
2025-10-07 05:17:58,840 1212 INFO ? odoo.modules.loading: loading 1 modules... 
2025-10-07 05:17:58,844 1212 INFO ? odoo.modules.loading: 1 modules loaded in 0.00s, 0 queries (+0 extra) 
2025-10-07 05:17:58,954 1212 INFO ? odoo.modules.loading: loading 14 modules... 
2025-10-07 05:17:59,375 1212 INFO ? odoo.modules.loading: 14 modules loaded in 0.42s, 0 queries (+0 extra) 
2025-10-07 05:17:59,405 1212 INFO ? odoo.modules.loading: Modules loaded. 
2025-10-07 05:17:59,419 1212 INFO ? odoo.registry: Registry loaded in 0.619s 
2025-10-07 05:17:59,420 1212 INFO petahukum odoo.addons.base.models.ir_http: Generating routing map for key None 
2025-10-07 05:17:59,441 1212 INFO petahukum werkzeug: 127.0.0.1 - - [07/Oct/2025 05:17:59] "GET /websocket?version=saas-18.5-1 HTTP/1.1" 101 - 21 0.033 0.609
2025-10-07 05:17:59,759 1212 INFO ? odoo.addons.bus.models.bus: Bus.loop listen imbus on db postgres 
2025-10-07 05:17:59,796 1212 WARNING ? py.warnings: C:\Program Files\Odoo 19.0.20251001\server\odoo\sql_db.py:687: UserWarning: Postgres version is 120004, lower than minimum required 130000
  File "C:\Program Files\Odoo 19.0.20251001\python\Lib\threading.py", line 1030, in _bootstrap
    self._bootstrap_inner()
  File "C:\Program Files\Odoo 19.0.20251001\python\Lib\threading.py", line 1073, in _bootstrap_inner
    self.run()
  File "C:\Program Files\Odoo 19.0.20251001\server\odoo\addons\bus\models\bus.py", line 261, in run
    self.loop()
  File "C:\Program Files\Odoo 19.0.20251001\server\odoo\addons\bus\models\bus.py", line 238, in loop
    with odoo.sql_db.db_connect('postgres').cursor() as cr, \
  File "C:\Program Files\Odoo 19.0.20251001\server\odoo\sql_db.py", line 756, in cursor
    return Cursor(self.__pool, self.__dbname, self.__dsn)
  File "C:\Program Files\Odoo 19.0.20251001\server\odoo\sql_db.py", line 358, in __init__
    self._cnx: PsycoConnection = pool.borrow(dsn)
  File "C:\Program Files\Odoo 19.0.20251001\server\odoo\tools\func.py", line 88, in locked
    return func(inst, *args, **kwargs)
  File "C:\Program Files\Odoo 19.0.20251001\server\odoo\sql_db.py", line 687, in borrow
    warnings.warn(f"Postgres version is {result.server_version}, lower than minimum required {MIN_PG_VERSION * 10000}")
 
2025-10-07 05:17:59,824 1212 INFO petahukum werkzeug: 127.0.0.1 - - [07/Oct/2025 05:17:59] "POST /bus/has_missed_notifications HTTP/1.1" 200 - 2 0.001 0.063
2025-10-07 06:25:51,916 1212 INFO petahukum odoo.addons.base.models.res_device: User 2 inserts device log (r9S16gRwaxPGxMJItdBmi7fMD8Mar1PuqEiIAn4yPx) 
2025-10-07 06:25:51,929 1212 INFO petahukum werkzeug: 127.0.0.1 - - [07/Oct/2025 06:25:51] "GET /websocket?version=saas-18.5-1 HTTP/1.1" 101 - 3 0.026 0.052
2025-10-07 06:25:52,326 1212 INFO petahukum werkzeug: 127.0.0.1 - - [07/Oct/2025 06:25:52] "POST /bus/has_missed_notifications HTTP/1.1" 200 - 2 0.014 0.069
2025-10-07 07:30:25,815 1212 INFO petahukum odoo.addons.base.models.res_device: User 2 inserts device log (r9S16gRwaxPGxMJItdBmi7fMD8Mar1PuqEiIAn4yPx) 
2025-10-07 07:30:25,821 1212 INFO petahukum werkzeug: 127.0.0.1 - - [07/Oct/2025 07:30:25] "GET /websocket?version=saas-18.5-1 HTTP/1.1" 101 - 2 0.013 0.011
2025-10-07 07:30:26,256 1212 INFO petahukum werkzeug: 127.0.0.1 - - [07/Oct/2025 07:30:26] "POST /bus/has_missed_notifications HTTP/1.1" 200 - 2 0.000 0.003
2025-10-07 07:31:36,108 1212 INFO petahukum werkzeug: 127.0.0.1 - - [07/Oct/2025 07:31:36] "GET /websocket?version=saas-18.5-1 HTTP/1.1" 101 - 1 0.000 0.010
2025-10-07 07:31:36,435 1212 INFO petahukum werkzeug: 127.0.0.1 - - [07/Oct/2025 07:31:36] "POST /bus/has_missed_notifications HTTP/1.1" 200 - 2 0.000 0.000
2025-10-07 07:58:00,457 1212 INFO petahukum werkzeug: 127.0.0.1 - - [07/Oct/2025 07:58:00] "GET /websocket?version=saas-18.5-1 HTTP/1.1" 101 - 1 0.005 0.004
2025-10-07 07:58:00,809 1212 INFO petahukum werkzeug: 127.0.0.1 - - [07/Oct/2025 07:58:00] "POST /bus/has_missed_notifications HTTP/1.1" 200 - 2 0.000 0.038
2025-10-07 08:08:48,443 1212 INFO petahukum werkzeug: 127.0.0.1 - - [07/Oct/2025 08:08:48] "GET /websocket?version=saas-18.5-1 HTTP/1.1" 101 - 1 0.000 0.000
2025-10-07 08:08:48,812 1212 INFO petahukum werkzeug: 127.0.0.1 - - [07/Oct/2025 08:08:48] "POST /bus/has_missed_notifications HTTP/1.1" 200 - 2 0.013 0.034
2025-10-07 08:24:14,450 1212 INFO petahukum werkzeug: 127.0.0.1 - - [07/Oct/2025 08:24:14] "GET /websocket?version=saas-18.5-1 HTTP/1.1" 101 - 1 0.000 0.007
2025-10-07 08:24:14,770 1212 INFO petahukum werkzeug: 127.0.0.1 - - [07/Oct/2025 08:24:14] "POST /bus/has_missed_notifications HTTP/1.1" 200 - 2 0.000 0.004
2025-10-07 08:24:47,450 1212 INFO petahukum werkzeug: 127.0.0.1 - - [07/Oct/2025 08:24:47] "GET /websocket?version=saas-18.5-1 HTTP/1.1" 101 - 1 0.000 0.007
2025-10-07 08:24:47,797 1212 INFO petahukum werkzeug: 127.0.0.1 - - [07/Oct/2025 08:24:47] "POST /bus/has_missed_notifications HTTP/1.1" 200 - 2 0.000 0.031
2025-10-07 08:31:19,447 1212 INFO petahukum odoo.addons.base.models.res_device: User 2 inserts device log (r9S16gRwaxPGxMJItdBmi7fMD8Mar1PuqEiIAn4yPx) 
2025-10-07 08:31:19,458 1212 INFO petahukum werkzeug: 127.0.0.1 - - [07/Oct/2025 08:31:19] "GET /websocket?version=saas-18.5-1 HTTP/1.1" 101 - 2 0.007 0.011
2025-10-07 08:31:19,793 1212 INFO petahukum werkzeug: 127.0.0.1 - - [07/Oct/2025 08:31:19] "POST /bus/has_missed_notifications HTTP/1.1" 200 - 2 0.010 0.004
